<?xml version="1.0" encoding="UTF-8" ?>
<testsuite tests="5" failures="0" name="com.hxkj.mybatis.text.SuizhouTest" time="3.4" errors="0" skipped="0">
  <properties>
[...]
</properties>
  <testcase classname="com.hxkj.mybatis.text.SuizhouTest" name="testTDD" time="0.551"/>
  <testcase classname="com.hxkj.mybatis.text.SuizhouTest" name="testWR" time="1.256"/>
  <testcase classname="com.hxkj.mybatis.text.SuizhouTest" name="maintest" time="0.655"/>
  <testcase classname="com.hxkj.mybatis.text.SuizhouTest" name="test" time="0.503"/>
  <testcase classname="com.hxkj.mybatis.text.SuizhouTest" name="test2" time="0.435"/>
</testsuite>